TN:
SF:Coding/Components/Cart.js
FN:6,(anonymous_0)
FN:7,(anonymous_1)
FN:12,(anonymous_2)
FNF:3
FNH:3
FNDA:4,(anonymous_0)
FNDA:8,(anonymous_1)
FNDA:1,(anonymous_2)
DA:6,1
DA:7,8
DA:8,4
DA:10,4
DA:12,4
DA:13,1
DA:16,4
LF:7
LH:7
BRF:0
BRH:0
end_of_record
TN:
SF:Coding/Components/Header.js
FN:9,(anonymous_0)
FN:18,(anonymous_1)
FN:52,(anonymous_2)
FNF:3
FNH:2
FNDA:4,(anonymous_0)
FNDA:8,(anonymous_1)
FNDA:0,(anonymous_2)
DA:9,1
DA:11,4
DA:13,4
DA:15,4
DA:16,4
DA:18,8
DA:19,4
DA:20,4
DA:22,4
DA:53,0
LF:10
LH:9
BRDA:29,0,0,4
BRDA:29,0,1,0
BRDA:53,1,0,0
BRDA:53,1,1,0
BRF:4
BRH:1
end_of_record
TN:
SF:Coding/Components/ItemList.js
FN:5,(anonymous_0)
FN:10,(anonymous_1)
FN:16,(anonymous_2)
FN:40,(anonymous_3)
FNF:4
FNH:4
FNDA:5,(anonymous_0)
FNDA:2,(anonymous_1)
FNDA:13,(anonymous_2)
FNDA:2,(anonymous_3)
DA:5,1
DA:6,5
DA:8,5
DA:10,5
DA:11,2
DA:14,5
DA:17,13
DA:40,2
LF:8
LH:8
BRDA:28,0,0,13
BRDA:28,0,1,0
BRF:2
BRH:1
end_of_record
TN:
SF:Coding/Components/RestaurantCategory.js
FN:4,(anonymous_0)
FN:5,(anonymous_1)
FNF:2
FNH:2
FNDA:20,(anonymous_0)
FNDA:1,(anonymous_1)
DA:4,1
DA:5,20
DA:6,1
DA:9,20
DA:11,20
DA:13,20
LF:6
LH:6
BRDA:28,0,0,20
BRDA:28,0,1,1
BRF:2
BRH:2
end_of_record
TN:
SF:Coding/Components/RestaurantMenu.js
FN:8,(anonymous_0)
FN:34,(anonymous_1)
FN:49,(anonymous_2)
FN:54,(anonymous_3)
FNF:4
FNH:4
FNDA:3,(anonymous_0)
FNDA:32,(anonymous_1)
FNDA:20,(anonymous_2)
FNDA:1,(anonymous_3)
DA:8,1
DA:9,3
DA:11,3
DA:13,3
DA:18,3
DA:21,2
DA:25,2
DA:27,2
DA:29,2
DA:30,2
DA:33,2
DA:35,32
DA:39,2
DA:40,2
DA:44,2
DA:50,20
DA:54,1
LF:17
LH:17
BRDA:18,0,0,1
BRDA:18,0,1,2
BRDA:53,1,0,1
BRDA:53,1,1,19
BRF:4
BRH:4
end_of_record
TN:
SF:Coding/Components/Shimmer.js
FN:1,(anonymous_0)
FNF:1
FNH:1
FNDA:1,(anonymous_0)
DA:1,1
DA:2,1
LF:2
LH:2
BRF:0
BRH:0
end_of_record
TN:
SF:utils/UserContext.js
FNF:0
FNH:0
DA:3,1
LF:1
LH:1
BRF:0
BRH:0
end_of_record
TN:
SF:utils/appStore.js
FNF:0
FNH:0
DA:4,1
LF:1
LH:1
BRF:0
BRH:0
end_of_record
TN:
SF:utils/cartSlice.js
FN:9,(anonymous_0)
FN:12,(anonymous_1)
FN:15,(anonymous_2)
FNF:3
FNH:2
FNDA:2,(anonymous_0)
FNDA:0,(anonymous_1)
FNDA:1,(anonymous_2)
DA:3,1
DA:10,2
DA:13,0
DA:16,1
DA:21,1
LF:5
LH:4
BRF:0
BRH:0
end_of_record
TN:
SF:utils/constants.js
FNF:0
FNH:0
DA:1,1
DA:3,1
DA:5,1
LF:3
LH:3
BRF:0
BRH:0
end_of_record
TN:
SF:utils/useOnlineStatus.js
FN:3,(anonymous_0)
FN:7,(anonymous_1)
FN:8,(anonymous_2)
FN:12,(anonymous_3)
FNF:4
FNH:2
FNDA:4,(anonymous_0)
FNDA:1,(anonymous_1)
FNDA:0,(anonymous_2)
FNDA:0,(anonymous_3)
DA:3,1
DA:4,4
DA:7,4
DA:8,1
DA:9,0
DA:12,1
DA:13,0
DA:18,4
LF:8
LH:6
BRF:0
BRH:0
end_of_record
TN:
SF:utils/useRestaurantMenu.js
FN:4,(anonymous_0)
FN:7,(anonymous_1)
FN:11,(anonymous_2)
FNF:3
FNH:3
FNDA:3,(anonymous_0)
FNDA:1,(anonymous_1)
FNDA:1,(anonymous_2)
DA:4,1
DA:5,3
DA:7,3
DA:8,1
DA:11,3
DA:12,1
DA:13,1
DA:14,1
DA:17,3
LF:9
LH:9
BRF:0
BRH:0
end_of_record
